20:20:21.904 [main] INFO  c.S.JournalApp.JournalApplication - Starting JournalApplication using Java 21 with PID 25844 (C:\Users\abhij\OneDrive\Desktop\SpringBoot\JournalApp\target\classes started by abhij in C:\Users\abhij\OneDrive\Desktop\SpringBoot\JournalApp)
20:20:21.909 [main] INFO  c.S.JournalApp.JournalApplication - No active profile set, falling back to 1 default profile: "default"
20:20:22.619 [main] INFO  o.s.d.r.c.RepositoryConfigurationDelegate - Bootstrapping Spring Data MongoDB repositories in DEFAULT mode.
20:20:22.691 [main] INFO  o.s.d.r.c.RepositoryConfigurationDelegate - Finished Spring Data repository scanning in 67 ms. Found 2 MongoDB repository interfaces.
20:20:23.198 [main] INFO  o.s.b.w.e.tomcat.TomcatWebServer - Tomcat initialized with port 8080 (http)
20:20:23.209 [main] INFO  o.a.coyote.http11.Http11NioProtocol - Initializing ProtocolHandler ["http-nio-8080"]
20:20:23.211 [main] INFO  o.a.catalina.core.StandardService - Starting service [Tomcat]
20:20:23.211 [main] INFO  o.a.catalina.core.StandardEngine - Starting Servlet engine: [Apache Tomcat/10.1.20]
20:20:23.259 [main] INFO  o.a.c.c.C.[Tomcat].[localhost].[/] - Initializing Spring embedded WebApplicationContext
20:20:23.260 [main] INFO  o.s.b.w.s.c.ServletWebServerApplicationContext - Root WebApplicationContext: initialization completed in 1293 ms
20:20:23.568 [main] INFO  org.mongodb.driver.client - MongoClient with metadata {"application": {"name": "Cluster0"}, "driver": {"name": "mongo-java-driver|sync|spring-boot", "version": "4.11.2"}, "os": {"type": "Windows", "name": "Windows 11", "architecture": "amd64", "version": "10.0"}, "platform": "Java/Oracle Corporation/21+35-2513"} created with settings MongoClientSettings{readPreference=primary, writeConcern=WriteConcern{w=majority, wTimeout=null ms, journal=null}, retryWrites=true, retryReads=true, readConcern=ReadConcern{level=null}, credential=MongoCredential{mechanism=null, userName='sharma016abhijeet', source='admin', password=<hidden>, mechanismProperties=<hidden>}, transportSettings=null, streamFactoryFactory=null, commandListeners=[], codecRegistry=ProvidersCodecRegistry{codecProviders=[ValueCodecProvider{}, BsonValueCodecProvider{}, DBRefCodecProvider{}, DBObjectCodecProvider{}, DocumentCodecProvider{}, CollectionCodecProvider{}, IterableCodecProvider{}, MapCodecProvider{}, GeoJsonCodecProvider{}, GridFSFileCodecProvider{}, Jsr310CodecProvider{}, JsonObjectCodecProvider{}, BsonCodecProvider{}, EnumCodecProvider{}, com.mongodb.client.model.mql.ExpressionCodecProvider@1dad01fe, com.mongodb.Jep395RecordCodecProvider@3728a578, com.mongodb.KotlinCodecProvider@3e3cd6fe]}, loggerSettings=LoggerSettings{maxDocumentLength=1000}, clusterSettings={hosts=[127.0.0.1:27017], srvHost=cluster0.iu00ie1.mongodb.net, srvServiceName=mongodb, mode=MULTIPLE, requiredClusterType=REPLICA_SET, requiredReplicaSetName='atlas-kf69ke-shard-0', serverSelector='null', clusterListeners='[]', serverSelectionTimeout='30000 ms', localThreshold='15 ms'}, socketSettings=SocketSettings{connectTimeoutMS=10000, readTimeoutMS=0, receiveBufferSize=0, proxySettings=ProxySettings{host=null, port=null, username=null, password=null}}, heartbeatSocketSettings=SocketSettings{connectTimeoutMS=10000, readTimeoutMS=10000, receiveBufferSize=0, proxySettings=ProxySettings{host=null, port=null, username=null, password=null}}, connectionPoolSettings=ConnectionPoolSettings{maxSize=100, minSize=0, maxWaitTimeMS=120000, maxConnectionLifeTimeMS=0, maxConnectionIdleTimeMS=0, maintenanceInitialDelayMS=0, maintenanceFrequencyMS=60000, connectionPoolListeners=[], maxConnecting=2}, serverSettings=ServerSettings{heartbeatFrequencyMS=10000, minHeartbeatFrequencyMS=500, serverListeners='[]', serverMonitorListeners='[]'}, sslSettings=SslSettings{enabled=true, invalidHostNameAllowed=false, context=null}, applicationName='Cluster0', compressorList=[], uuidRepresentation=JAVA_LEGACY, serverApi=null, autoEncryptionSettings=null, dnsClient=null, inetAddressResolver=null, contextProvider=null}
20:20:23.578 [cluster-ClusterId{value='6888dfaf2486567e6d9234ea', description='Cluster0'}-srv-cluster0.iu00ie1.mongodb.net] INFO  org.mongodb.driver.cluster - Adding discovered server ac-w1jkw58-shard-00-00.iu00ie1.mongodb.net:27017 to client view of cluster
20:20:23.618 [cluster-ClusterId{value='6888dfaf2486567e6d9234ea', description='Cluster0'}-srv-cluster0.iu00ie1.mongodb.net] INFO  org.mongodb.driver.cluster - Adding discovered server ac-w1jkw58-shard-00-01.iu00ie1.mongodb.net:27017 to client view of cluster
20:20:23.620 [cluster-ClusterId{value='6888dfaf2486567e6d9234ea', description='Cluster0'}-srv-cluster0.iu00ie1.mongodb.net] INFO  org.mongodb.driver.cluster - Adding discovered server ac-w1jkw58-shard-00-02.iu00ie1.mongodb.net:27017 to client view of cluster
20:20:24.116 [main] INFO  org.mongodb.driver.cluster - No server chosen by WritableServerSelector from cluster description ClusterDescription{type=REPLICA_SET, connectionMode=MULTIPLE, serverDescriptions=[ServerDescription{address=ac-w1jkw58-shard-00-00.iu00ie1.mongodb.net:27017, type=UNKNOWN, state=CONNECTING}, ServerDescription{address=ac-w1jkw58-shard-00-02.iu00ie1.mongodb.net:27017, type=UNKNOWN, state=CONNECTING}, ServerDescription{address=ac-w1jkw58-shard-00-01.iu00ie1.mongodb.net:27017, type=UNKNOWN, state=CONNECTING}]}. Waiting for 30000 ms before timing out
20:20:24.361 [cluster-ClusterId{value='6888dfaf2486567e6d9234ea', description='Cluster0'}-ac-w1jkw58-shard-00-02.iu00ie1.mongodb.net:27017] INFO  org.mongodb.driver.cluster - Monitor thread successfully connected to server with description ServerDescription{address=ac-w1jkw58-shard-00-02.iu00ie1.mongodb.net:27017, type=REPLICA_SET_PRIMARY, state=CONNECTED, ok=true, minWireVersion=0, maxWireVersion=25, maxDocumentSize=16777216, logicalSessionTimeoutMinutes=30, roundTripTimeNanos=493198200, setName='atlas-kf69ke-shard-0', canonicalAddress=ac-w1jkw58-shard-00-02.iu00ie1.mongodb.net:27017, hosts=[ac-w1jkw58-shard-00-00.iu00ie1.mongodb.net:27017, ac-w1jkw58-shard-00-02.iu00ie1.mongodb.net:27017, ac-w1jkw58-shard-00-01.iu00ie1.mongodb.net:27017], passives=[], arbiters=[], primary='ac-w1jkw58-shard-00-02.iu00ie1.mongodb.net:27017', tagSet=TagSet{[Tag{name='availabilityZone', value='aps1-az2'}, Tag{name='diskState', value='READY'}, Tag{name='nodeType', value='ELECTABLE'}, Tag{name='provider', value='AWS'}, Tag{name='region', value='AP_SOUTH_1'}, Tag{name='workloadType', value='OPERATIONAL'}]}, electionId=7fffffff0000000000000103, setVersion=290, topologyVersion=TopologyVersion{processId=6880629d5f6b6fb5635caf17, counter=9}, lastWriteDate=Tue Jul 29 20:20:24 IST 2025, lastUpdateTimeNanos=103414306074500}
20:20:24.361 [cluster-ClusterId{value='6888dfaf2486567e6d9234ea', description='Cluster0'}-ac-w1jkw58-shard-00-00.iu00ie1.mongodb.net:27017] INFO  org.mongodb.driver.cluster - Monitor thread successfully connected to server with description ServerDescription{address=ac-w1jkw58-shard-00-00.iu00ie1.mongodb.net:27017, type=REPLICA_SET_SECONDARY, state=CONNECTED, ok=true, minWireVersion=0, maxWireVersion=25, maxDocumentSize=16777216, logicalSessionTimeoutMinutes=30, roundTripTimeNanos=491393300, setName='atlas-kf69ke-shard-0', canonicalAddress=ac-w1jkw58-shard-00-00.iu00ie1.mongodb.net:27017, hosts=[ac-w1jkw58-shard-00-00.iu00ie1.mongodb.net:27017, ac-w1jkw58-shard-00-02.iu00ie1.mongodb.net:27017, ac-w1jkw58-shard-00-01.iu00ie1.mongodb.net:27017], passives=[], arbiters=[], primary='ac-w1jkw58-shard-00-02.iu00ie1.mongodb.net:27017', tagSet=TagSet{[Tag{name='availabilityZone', value='aps1-az1'}, Tag{name='diskState', value='READY'}, Tag{name='nodeType', value='ELECTABLE'}, Tag{name='provider', value='AWS'}, Tag{name='region', value='AP_SOUTH_1'}, Tag{name='workloadType', value='OPERATIONAL'}]}, electionId=null, setVersion=290, topologyVersion=TopologyVersion{processId=6880639f11cd3b4f00e634f2, counter=5}, lastWriteDate=Tue Jul 29 20:20:24 IST 2025, lastUpdateTimeNanos=103414306059900}
20:20:24.361 [cluster-ClusterId{value='6888dfaf2486567e6d9234ea', description='Cluster0'}-ac-w1jkw58-shard-00-01.iu00ie1.mongodb.net:27017] INFO  org.mongodb.driver.cluster - Monitor thread successfully connected to server with description ServerDescription{address=ac-w1jkw58-shard-00-01.iu00ie1.mongodb.net:27017, type=REPLICA_SET_SECONDARY, state=CONNECTED, ok=true, minWireVersion=0, maxWireVersion=25, maxDocumentSize=16777216, logicalSessionTimeoutMinutes=30, roundTripTimeNanos=479688700, setName='atlas-kf69ke-shard-0', canonicalAddress=ac-w1jkw58-shard-00-01.iu00ie1.mongodb.net:27017, hosts=[ac-w1jkw58-shard-00-00.iu00ie1.mongodb.net:27017, ac-w1jkw58-shard-00-02.iu00ie1.mongodb.net:27017, ac-w1jkw58-shard-00-01.iu00ie1.mongodb.net:27017], passives=[], arbiters=[], primary='ac-w1jkw58-shard-00-02.iu00ie1.mongodb.net:27017', tagSet=TagSet{[Tag{name='availabilityZone', value='aps1-az3'}, Tag{name='diskState', value='READY'}, Tag{name='nodeType', value='ELECTABLE'}, Tag{name='provider', value='AWS'}, Tag{name='region', value='AP_SOUTH_1'}, Tag{name='workloadType', value='OPERATIONAL'}]}, electionId=null, setVersion=290, topologyVersion=TopologyVersion{processId=688064cdaca27d2201bfc03a, counter=5}, lastWriteDate=Tue Jul 29 20:20:24 IST 2025, lastUpdateTimeNanos=103414306059900}
20:20:24.371 [cluster-ClusterId{value='6888dfaf2486567e6d9234ea', description='Cluster0'}-ac-w1jkw58-shard-00-02.iu00ie1.mongodb.net:27017] INFO  org.mongodb.driver.cluster - Discovered replica set primary ac-w1jkw58-shard-00-02.iu00ie1.mongodb.net:27017 with max election id 7fffffff0000000000000103 and max set version 290
20:20:25.147 [main] DEBUG o.s.w.s.m.m.a.RequestMappingHandlerMapping - 13 mappings in 'requestMappingHandlerMapping'
20:20:25.297 [main] DEBUG o.s.w.s.h.SimpleUrlHandlerMapping - Patterns [/webjars/**, /**] in 'resourceHandlerMapping'
20:20:25.401 [main] INFO  o.s.s.web.DefaultSecurityFilterChain - Will secure any request with [org.springframework.security.web.session.DisableEncodeUrlFilter@5fb07347, org.springframework.security.web.context.request.async.WebAsyncManagerIntegrationFilter@3ef2b8e5, org.springframework.security.web.context.SecurityContextHolderFilter@15c16f19, org.springframework.security.web.header.HeaderWriterFilter@d504137, org.springframework.web.filter.CorsFilter@49190ed6, org.springframework.security.web.authentication.logout.LogoutFilter@4efb13f1, org.springframework.security.web.authentication.www.BasicAuthenticationFilter@13fe5bb7, org.springframework.security.web.savedrequest.RequestCacheAwareFilter@be6d228, org.springframework.security.web.servletapi.SecurityContextHolderAwareRequestFilter@60c96eb4, org.springframework.security.web.authentication.AnonymousAuthenticationFilter@5d717f19, org.springframework.security.web.access.ExceptionTranslationFilter@1322b575, org.springframework.security.web.access.intercept.AuthorizationFilter@1930a804]
20:20:25.564 [main] DEBUG o.s.w.s.m.m.a.RequestMappingHandlerAdapter - ControllerAdvice beans: 0 @ModelAttribute, 0 @InitBinder, 1 RequestBodyAdvice, 1 ResponseBodyAdvice
20:20:25.606 [main] DEBUG o.s.w.s.m.m.a.ExceptionHandlerExceptionResolver - ControllerAdvice beans: 0 @ExceptionHandler, 1 ResponseBodyAdvice
20:20:25.728 [main] INFO  o.a.coyote.http11.Http11NioProtocol - Starting ProtocolHandler ["http-nio-8080"]
20:20:25.755 [main] INFO  o.s.b.w.e.tomcat.TomcatWebServer - Tomcat started on port 8080 (http) with context path ''
20:20:25.766 [main] INFO  c.S.JournalApp.JournalApplication - Started JournalApplication in 4.201 seconds (process running for 4.644)
20:23:40.187 [http-nio-8080-exec-2] INFO  o.a.c.c.C.[Tomcat].[localhost].[/] - Initializing Spring DispatcherServlet 'dispatcherServlet'
20:23:40.187 [http-nio-8080-exec-2] INFO  o.s.web.servlet.DispatcherServlet - Initializing Servlet 'dispatcherServlet'
20:23:40.188 [http-nio-8080-exec-2] DEBUG o.s.web.servlet.DispatcherServlet - Detected StandardServletMultipartResolver
20:23:40.188 [http-nio-8080-exec-2] DEBUG o.s.web.servlet.DispatcherServlet - Detected AcceptHeaderLocaleResolver
20:23:40.188 [http-nio-8080-exec-2] DEBUG o.s.web.servlet.DispatcherServlet - Detected FixedThemeResolver
20:23:40.189 [http-nio-8080-exec-2] DEBUG o.s.web.servlet.DispatcherServlet - Detected org.springframework.web.servlet.view.DefaultRequestToViewNameTranslator@31f1acf8
20:23:40.189 [http-nio-8080-exec-2] DEBUG o.s.web.servlet.DispatcherServlet - Detected org.springframework.web.servlet.support.SessionFlashMapManager@178d1f9
20:23:40.189 [http-nio-8080-exec-2] DEBUG o.s.web.servlet.DispatcherServlet - enableLoggingRequestDetails='false': request parameters and headers will be masked to prevent unsafe logging of potentially sensitive data
20:23:40.189 [http-nio-8080-exec-2] INFO  o.s.web.servlet.DispatcherServlet - Completed initialization in 2 ms
20:23:40.205 [http-nio-8080-exec-2] DEBUG o.s.security.web.FilterChainProxy - Securing GET /public/health-check
20:23:40.211 [http-nio-8080-exec-2] DEBUG o.s.security.web.FilterChainProxy - Secured GET /public/health-check
20:23:40.213 [http-nio-8080-exec-2] DEBUG o.s.web.servlet.DispatcherServlet - GET "/public/health-check", parameters={}
20:23:40.215 [http-nio-8080-exec-2] DEBUG o.s.w.s.m.m.a.RequestMappingHandlerMapping - Mapped to com.SpringBoot.JournalApp.Controller.PublicController#healthCheck()
20:23:40.232 [http-nio-8080-exec-2] DEBUG o.s.w.s.m.m.a.HttpEntityMethodProcessor - Using 'text/plain', given [*/*] and supported [text/plain, */*, application/json, application/*+json]
20:23:40.233 [http-nio-8080-exec-2] DEBUG o.s.w.s.m.m.a.HttpEntityMethodProcessor - Writing ["Application is running successfully!"]
20:23:40.237 [http-nio-8080-exec-2] DEBUG o.s.web.servlet.DispatcherServlet - Completed 200 OK
20:23:40.238 [http-nio-8080-exec-2] DEBUG o.s.s.w.a.AnonymousAuthenticationFilter - Set SecurityContextHolder to anonymous SecurityContext
20:24:09.158 [http-nio-8080-exec-3] DEBUG o.s.security.web.FilterChainProxy - Securing POST /public/create-user
20:24:09.158 [http-nio-8080-exec-3] DEBUG o.s.security.web.FilterChainProxy - Secured POST /public/create-user
20:24:09.158 [http-nio-8080-exec-3] DEBUG o.s.web.servlet.DispatcherServlet - POST "/public/create-user", parameters={}
20:24:09.158 [http-nio-8080-exec-3] DEBUG o.s.w.s.m.m.a.RequestMappingHandlerMapping - Mapped to com.SpringBoot.JournalApp.Controller.PublicController#createUser(User)
20:24:09.213 [http-nio-8080-exec-3] DEBUG o.s.w.s.m.m.a.RequestResponseBodyMethodProcessor - Read "application/json;charset=UTF-8" to [User(id=null, userName=raj, password=123, journalEntries=[], roles=null)]
20:24:09.219 [http-nio-8080-exec-3] INFO  c.S.JournalApp.Service.UserService - Finding user by username: raj
20:24:09.309 [http-nio-8080-exec-3] DEBUG o.s.w.s.m.m.a.HttpEntityMethodProcessor - Using 'text/plain', given [*/*] and supported [text/plain, */*, application/json, application/*+json]
20:24:09.309 [http-nio-8080-exec-3] DEBUG o.s.w.s.m.m.a.HttpEntityMethodProcessor - Writing ["Username already exists"]
20:24:09.310 [http-nio-8080-exec-3] DEBUG o.s.web.servlet.DispatcherServlet - Completed 400 BAD_REQUEST
20:24:09.310 [http-nio-8080-exec-3] DEBUG o.s.s.w.a.AnonymousAuthenticationFilter - Set SecurityContextHolder to anonymous SecurityContext
21:53:37.213 [cluster-ClusterId{value='6888dfaf2486567e6d9234ea', description='Cluster0'}-ac-w1jkw58-shard-00-00.iu00ie1.mongodb.net:27017] INFO  org.mongodb.driver.cluster - Exception in monitor thread while connecting to server ac-w1jkw58-shard-00-00.iu00ie1.mongodb.net:27017
com.mongodb.MongoSocketReadException: Exception receiving message
	at com.mongodb.internal.connection.InternalStreamConnection.translateReadException(InternalStreamConnection.java:730)
	at com.mongodb.internal.connection.InternalStreamConnection.receiveMessageWithAdditionalTimeout(InternalStreamConnection.java:606)
	at com.mongodb.internal.connection.InternalStreamConnection.receiveCommandMessageResponse(InternalStreamConnection.java:451)
	at com.mongodb.internal.connection.InternalStreamConnection.receive(InternalStreamConnection.java:404)
	at com.mongodb.internal.connection.DefaultServerMonitor$ServerMonitorRunnable.lookupServerDescription(DefaultServerMonitor.java:221)
	at com.mongodb.internal.connection.DefaultServerMonitor$ServerMonitorRunnable.run(DefaultServerMonitor.java:153)
	at java.base/java.lang.Thread.run(Thread.java:1583)
Caused by: java.net.SocketException: Connection reset
	at java.base/sun.nio.ch.NioSocketImpl.implRead(NioSocketImpl.java:318)
	at java.base/sun.nio.ch.NioSocketImpl.read(NioSocketImpl.java:346)
	at java.base/sun.nio.ch.NioSocketImpl$1.read(NioSocketImpl.java:796)
	at java.base/java.net.Socket$SocketInputStream.read(Socket.java:1099)
	at java.base/sun.security.ssl.SSLSocketInputRecord.read(SSLSocketInputRecord.java:489)
	at java.base/sun.security.ssl.SSLSocketInputRecord.readHeader(SSLSocketInputRecord.java:483)
	at java.base/sun.security.ssl.SSLSocketInputRecord.bytesInCompletePacket(SSLSocketInputRecord.java:70)
	at java.base/sun.security.ssl.SSLSocketImpl.readApplicationRecord(SSLSocketImpl.java:1461)
	at java.base/sun.security.ssl.SSLSocketImpl$AppInputStream.read(SSLSocketImpl.java:1066)
	at com.mongodb.internal.connection.SocketStream.read(SocketStream.java:175)
	at com.mongodb.internal.connection.SocketStream.read(SocketStream.java:200)
	at com.mongodb.internal.connection.InternalStreamConnection.receiveResponseBuffers(InternalStreamConnection.java:739)
	at com.mongodb.internal.connection.InternalStreamConnection.receiveMessageWithAdditionalTimeout(InternalStreamConnection.java:603)
	... 5 common frames omitted
21:53:37.213 [cluster-ClusterId{value='6888dfaf2486567e6d9234ea', description='Cluster0'}-ac-w1jkw58-shard-00-01.iu00ie1.mongodb.net:27017] INFO  org.mongodb.driver.cluster - Exception in monitor thread while connecting to server ac-w1jkw58-shard-00-01.iu00ie1.mongodb.net:27017
com.mongodb.MongoSocketReadException: Exception receiving message
	at com.mongodb.internal.connection.InternalStreamConnection.translateReadException(InternalStreamConnection.java:730)
	at com.mongodb.internal.connection.InternalStreamConnection.receiveMessageWithAdditionalTimeout(InternalStreamConnection.java:606)
	at com.mongodb.internal.connection.InternalStreamConnection.receiveCommandMessageResponse(InternalStreamConnection.java:451)
	at com.mongodb.internal.connection.InternalStreamConnection.receive(InternalStreamConnection.java:404)
	at com.mongodb.internal.connection.DefaultServerMonitor$ServerMonitorRunnable.lookupServerDescription(DefaultServerMonitor.java:221)
	at com.mongodb.internal.connection.DefaultServerMonitor$ServerMonitorRunnable.run(DefaultServerMonitor.java:153)
	at java.base/java.lang.Thread.run(Thread.java:1583)
Caused by: java.net.SocketException: Connection reset
	at java.base/sun.nio.ch.NioSocketImpl.implRead(NioSocketImpl.java:318)
	at java.base/sun.nio.ch.NioSocketImpl.read(NioSocketImpl.java:346)
	at java.base/sun.nio.ch.NioSocketImpl$1.read(NioSocketImpl.java:796)
	at java.base/java.net.Socket$SocketInputStream.read(Socket.java:1099)
	at java.base/sun.security.ssl.SSLSocketInputRecord.read(SSLSocketInputRecord.java:489)
	at java.base/sun.security.ssl.SSLSocketInputRecord.readHeader(SSLSocketInputRecord.java:483)
	at java.base/sun.security.ssl.SSLSocketInputRecord.bytesInCompletePacket(SSLSocketInputRecord.java:70)
	at java.base/sun.security.ssl.SSLSocketImpl.readApplicationRecord(SSLSocketImpl.java:1461)
	at java.base/sun.security.ssl.SSLSocketImpl$AppInputStream.read(SSLSocketImpl.java:1066)
	at com.mongodb.internal.connection.SocketStream.read(SocketStream.java:175)
	at com.mongodb.internal.connection.SocketStream.read(SocketStream.java:200)
	at com.mongodb.internal.connection.InternalStreamConnection.receiveResponseBuffers(InternalStreamConnection.java:739)
	at com.mongodb.internal.connection.InternalStreamConnection.receiveMessageWithAdditionalTimeout(InternalStreamConnection.java:603)
	... 5 common frames omitted
21:53:37.227 [cluster-ClusterId{value='6888dfaf2486567e6d9234ea', description='Cluster0'}-ac-w1jkw58-shard-00-01.iu00ie1.mongodb.net:27017] INFO  org.mongodb.driver.cluster - Exception in monitor thread while connecting to server ac-w1jkw58-shard-00-01.iu00ie1.mongodb.net:27017
com.mongodb.MongoSocketOpenException: Exception opening socket
	at com.mongodb.internal.connection.SocketStream.lambda$open$0(SocketStream.java:84)
	at java.base/java.util.Optional.orElseThrow(Optional.java:403)
	at com.mongodb.internal.connection.SocketStream.open(SocketStream.java:84)
	at com.mongodb.internal.connection.InternalStreamConnection.open(InternalStreamConnection.java:211)
	at com.mongodb.internal.connection.DefaultServerMonitor$ServerMonitorRunnable.lookupServerDescription(DefaultServerMonitor.java:193)
	at com.mongodb.internal.connection.DefaultServerMonitor$ServerMonitorRunnable.run(DefaultServerMonitor.java:153)
	at java.base/java.lang.Thread.run(Thread.java:1583)
Caused by: java.net.NoRouteToHostException: No route to host: no further information
	at java.base/sun.nio.ch.Net.pollConnect(Native Method)
	at java.base/sun.nio.ch.Net.pollConnectNow(Net.java:682)
	at java.base/sun.nio.ch.NioSocketImpl.timedFinishConnect(NioSocketImpl.java:542)
	at java.base/sun.nio.ch.NioSocketImpl.connect(NioSocketImpl.java:592)
	at java.base/java.net.SocksSocketImpl.connect(SocksSocketImpl.java:327)
	at java.base/java.net.Socket.connect(Socket.java:751)
	at java.base/sun.security.ssl.SSLSocketImpl.connect(SSLSocketImpl.java:304)
	at com.mongodb.internal.connection.SocketStreamHelper.initialize(SocketStreamHelper.java:76)
	at com.mongodb.internal.connection.SocketStream.initializeSocket(SocketStream.java:104)
	at com.mongodb.internal.connection.SocketStream.open(SocketStream.java:78)
	... 4 common frames omitted
21:53:37.213 [cluster-ClusterId{value='6888dfaf2486567e6d9234ea', description='Cluster0'}-ac-w1jkw58-shard-00-02.iu00ie1.mongodb.net:27017] INFO  org.mongodb.driver.cluster - Exception in monitor thread while connecting to server ac-w1jkw58-shard-00-02.iu00ie1.mongodb.net:27017
com.mongodb.MongoSocketReadException: Exception receiving message
	at com.mongodb.internal.connection.InternalStreamConnection.translateReadException(InternalStreamConnection.java:730)
	at com.mongodb.internal.connection.InternalStreamConnection.receiveMessageWithAdditionalTimeout(InternalStreamConnection.java:606)
	at com.mongodb.internal.connection.InternalStreamConnection.receiveCommandMessageResponse(InternalStreamConnection.java:451)
	at com.mongodb.internal.connection.InternalStreamConnection.receive(InternalStreamConnection.java:404)
	at com.mongodb.internal.connection.DefaultServerMonitor$ServerMonitorRunnable.lookupServerDescription(DefaultServerMonitor.java:221)
	at com.mongodb.internal.connection.DefaultServerMonitor$ServerMonitorRunnable.run(DefaultServerMonitor.java:153)
	at java.base/java.lang.Thread.run(Thread.java:1583)
Caused by: java.net.SocketException: Connection reset
	at java.base/sun.nio.ch.NioSocketImpl.implRead(NioSocketImpl.java:318)
	at java.base/sun.nio.ch.NioSocketImpl.read(NioSocketImpl.java:346)
	at java.base/sun.nio.ch.NioSocketImpl$1.read(NioSocketImpl.java:796)
	at java.base/java.net.Socket$SocketInputStream.read(Socket.java:1099)
	at java.base/sun.security.ssl.SSLSocketInputRecord.read(SSLSocketInputRecord.java:489)
	at java.base/sun.security.ssl.SSLSocketInputRecord.readHeader(SSLSocketInputRecord.java:483)
	at java.base/sun.security.ssl.SSLSocketInputRecord.bytesInCompletePacket(SSLSocketInputRecord.java:70)
	at java.base/sun.security.ssl.SSLSocketImpl.readApplicationRecord(SSLSocketImpl.java:1461)
	at java.base/sun.security.ssl.SSLSocketImpl$AppInputStream.read(SSLSocketImpl.java:1066)
	at com.mongodb.internal.connection.SocketStream.read(SocketStream.java:175)
	at com.mongodb.internal.connection.SocketStream.read(SocketStream.java:200)
	at com.mongodb.internal.connection.InternalStreamConnection.receiveResponseBuffers(InternalStreamConnection.java:739)
	at com.mongodb.internal.connection.InternalStreamConnection.receiveMessageWithAdditionalTimeout(InternalStreamConnection.java:603)
	... 5 common frames omitted
21:53:37.232 [cluster-ClusterId{value='6888dfaf2486567e6d9234ea', description='Cluster0'}-ac-w1jkw58-shard-00-00.iu00ie1.mongodb.net:27017] INFO  org.mongodb.driver.cluster - Exception in monitor thread while connecting to server ac-w1jkw58-shard-00-00.iu00ie1.mongodb.net:27017
com.mongodb.MongoSocketException: No such host is known (ac-w1jkw58-shard-00-00.iu00ie1.mongodb.net)
	at com.mongodb.ServerAddress.getSocketAddresses(ServerAddress.java:221)
	at com.mongodb.internal.connection.ServerAddressWithResolver.getSocketAddresses(ServerAddressWithResolver.java:68)
	at com.mongodb.internal.connection.SocketStream.initializeSocket(SocketStream.java:100)
	at com.mongodb.internal.connection.SocketStream.open(SocketStream.java:78)
	at com.mongodb.internal.connection.InternalStreamConnection.open(InternalStreamConnection.java:211)
	at com.mongodb.internal.connection.DefaultServerMonitor$ServerMonitorRunnable.lookupServerDescription(DefaultServerMonitor.java:193)
	at com.mongodb.internal.connection.DefaultServerMonitor$ServerMonitorRunnable.run(DefaultServerMonitor.java:153)
	at java.base/java.lang.Thread.run(Thread.java:1583)
Caused by: java.net.UnknownHostException: No such host is known (ac-w1jkw58-shard-00-00.iu00ie1.mongodb.net)
	at java.base/java.net.Inet6AddressImpl.lookupAllHostAddr(Native Method)
	at java.base/java.net.Inet6AddressImpl.lookupAllHostAddr(Inet6AddressImpl.java:52)
	at java.base/java.net.InetAddress$PlatformResolver.lookupByName(InetAddress.java:1211)
	at java.base/java.net.InetAddress.getAddressesFromNameService(InetAddress.java:1828)
	at java.base/java.net.InetAddress$NameServiceAddresses.get(InetAddress.java:1139)
	at java.base/java.net.InetAddress.getAllByName0(InetAddress.java:1818)
	at java.base/java.net.InetAddress.getAllByName(InetAddress.java:1688)
	at com.mongodb.ServerAddress.getSocketAddresses(ServerAddress.java:213)
	... 7 common frames omitted
21:53:37.235 [cluster-ClusterId{value='6888dfaf2486567e6d9234ea', description='Cluster0'}-ac-w1jkw58-shard-00-02.iu00ie1.mongodb.net:27017] INFO  org.mongodb.driver.cluster - Exception in monitor thread while connecting to server ac-w1jkw58-shard-00-02.iu00ie1.mongodb.net:27017
com.mongodb.MongoSocketException: No such host is known (ac-w1jkw58-shard-00-02.iu00ie1.mongodb.net)
	at com.mongodb.ServerAddress.getSocketAddresses(ServerAddress.java:221)
	at com.mongodb.internal.connection.ServerAddressWithResolver.getSocketAddresses(ServerAddressWithResolver.java:68)
	at com.mongodb.internal.connection.SocketStream.initializeSocket(SocketStream.java:100)
	at com.mongodb.internal.connection.SocketStream.open(SocketStream.java:78)
	at com.mongodb.internal.connection.InternalStreamConnection.open(InternalStreamConnection.java:211)
	at com.mongodb.internal.connection.DefaultServerMonitor$ServerMonitorRunnable.lookupServerDescription(DefaultServerMonitor.java:193)
	at com.mongodb.internal.connection.DefaultServerMonitor$ServerMonitorRunnable.run(DefaultServerMonitor.java:153)
	at java.base/java.lang.Thread.run(Thread.java:1583)
Caused by: java.net.UnknownHostException: No such host is known (ac-w1jkw58-shard-00-02.iu00ie1.mongodb.net)
	at java.base/java.net.Inet6AddressImpl.lookupAllHostAddr(Native Method)
	at java.base/java.net.Inet6AddressImpl.lookupAllHostAddr(Inet6AddressImpl.java:52)
	at java.base/java.net.InetAddress$PlatformResolver.lookupByName(InetAddress.java:1211)
	at java.base/java.net.InetAddress.getAddressesFromNameService(InetAddress.java:1828)
	at java.base/java.net.InetAddress$NameServiceAddresses.get(InetAddress.java:1139)
	at java.base/java.net.InetAddress.getAllByName0(InetAddress.java:1818)
	at java.base/java.net.InetAddress.getAllByName(InetAddress.java:1688)
	at com.mongodb.ServerAddress.getSocketAddresses(ServerAddress.java:213)
	... 7 common frames omitted
21:53:47.247 [cluster-ClusterId{value='6888dfaf2486567e6d9234ea', description='Cluster0'}-ac-w1jkw58-shard-00-00.iu00ie1.mongodb.net:27017] INFO  org.mongodb.driver.cluster - Exception in monitor thread while connecting to server ac-w1jkw58-shard-00-00.iu00ie1.mongodb.net:27017
com.mongodb.MongoSocketException: ac-w1jkw58-shard-00-00.iu00ie1.mongodb.net
	at com.mongodb.ServerAddress.getSocketAddresses(ServerAddress.java:221)
	at com.mongodb.internal.connection.ServerAddressWithResolver.getSocketAddresses(ServerAddressWithResolver.java:68)
	at com.mongodb.internal.connection.SocketStream.initializeSocket(SocketStream.java:100)
	at com.mongodb.internal.connection.SocketStream.open(SocketStream.java:78)
	at com.mongodb.internal.connection.InternalStreamConnection.open(InternalStreamConnection.java:211)
	at com.mongodb.internal.connection.DefaultServerMonitor$ServerMonitorRunnable.lookupServerDescription(DefaultServerMonitor.java:193)
	at com.mongodb.internal.connection.DefaultServerMonitor$ServerMonitorRunnable.run(DefaultServerMonitor.java:153)
	at java.base/java.lang.Thread.run(Thread.java:1583)
Caused by: java.net.UnknownHostException: ac-w1jkw58-shard-00-00.iu00ie1.mongodb.net
	at java.base/java.net.InetAddress$CachedLookup.get(InetAddress.java:988)
	at java.base/java.net.InetAddress.getAllByName0(InetAddress.java:1818)
	at java.base/java.net.InetAddress.getAllByName(InetAddress.java:1688)
	at com.mongodb.ServerAddress.getSocketAddresses(ServerAddress.java:213)
	... 7 common frames omitted
21:53:47.377 [cluster-ClusterId{value='6888dfaf2486567e6d9234ea', description='Cluster0'}-ac-w1jkw58-shard-00-01.iu00ie1.mongodb.net:27017] INFO  org.mongodb.driver.cluster - Monitor thread successfully connected to server with description ServerDescription{address=ac-w1jkw58-shard-00-01.iu00ie1.mongodb.net:27017, type=REPLICA_SET_SECONDARY, state=CONNECTED, ok=true, minWireVersion=0, maxWireVersion=25, maxDocumentSize=16777216, logicalSessionTimeoutMinutes=30, roundTripTimeNanos=103819700, setName='atlas-kf69ke-shard-0', canonicalAddress=ac-w1jkw58-shard-00-01.iu00ie1.mongodb.net:27017, hosts=[ac-w1jkw58-shard-00-00.iu00ie1.mongodb.net:27017, ac-w1jkw58-shard-00-02.iu00ie1.mongodb.net:27017, ac-w1jkw58-shard-00-01.iu00ie1.mongodb.net:27017], passives=[], arbiters=[], primary='ac-w1jkw58-shard-00-02.iu00ie1.mongodb.net:27017', tagSet=TagSet{[Tag{name='availabilityZone', value='aps1-az3'}, Tag{name='diskState', value='READY'}, Tag{name='nodeType', value='ELECTABLE'}, Tag{name='provider', value='AWS'}, Tag{name='region', value='AP_SOUTH_1'}, Tag{name='workloadType', value='OPERATIONAL'}]}, electionId=null, setVersion=290, topologyVersion=TopologyVersion{processId=688064cdaca27d2201bfc03a, counter=5}, lastWriteDate=Tue Jul 29 21:53:47 IST 2025, lastUpdateTimeNanos=109017419855800}
21:53:47.387 [cluster-ClusterId{value='6888dfaf2486567e6d9234ea', description='Cluster0'}-ac-w1jkw58-shard-00-02.iu00ie1.mongodb.net:27017] INFO  org.mongodb.driver.cluster - Monitor thread successfully connected to server with description ServerDescription{address=ac-w1jkw58-shard-00-02.iu00ie1.mongodb.net:27017, type=REPLICA_SET_PRIMARY, state=CONNECTED, ok=true, minWireVersion=0, maxWireVersion=25, maxDocumentSize=16777216, logicalSessionTimeoutMinutes=30, roundTripTimeNanos=83796200, setName='atlas-kf69ke-shard-0', canonicalAddress=ac-w1jkw58-shard-00-02.iu00ie1.mongodb.net:27017, hosts=[ac-w1jkw58-shard-00-00.iu00ie1.mongodb.net:27017, ac-w1jkw58-shard-00-02.iu00ie1.mongodb.net:27017, ac-w1jkw58-shard-00-01.iu00ie1.mongodb.net:27017], passives=[], arbiters=[], primary='ac-w1jkw58-shard-00-02.iu00ie1.mongodb.net:27017', tagSet=TagSet{[Tag{name='availabilityZone', value='aps1-az2'}, Tag{name='diskState', value='READY'}, Tag{name='nodeType', value='ELECTABLE'}, Tag{name='provider', value='AWS'}, Tag{name='region', value='AP_SOUTH_1'}, Tag{name='workloadType', value='OPERATIONAL'}]}, electionId=7fffffff0000000000000103, setVersion=290, topologyVersion=TopologyVersion{processId=6880629d5f6b6fb5635caf17, counter=9}, lastWriteDate=Tue Jul 29 21:53:47 IST 2025, lastUpdateTimeNanos=109017429913300}
21:53:47.387 [cluster-ClusterId{value='6888dfaf2486567e6d9234ea', description='Cluster0'}-ac-w1jkw58-shard-00-02.iu00ie1.mongodb.net:27017] INFO  org.mongodb.driver.cluster - Discovered replica set primary ac-w1jkw58-shard-00-02.iu00ie1.mongodb.net:27017 with max election id 7fffffff0000000000000103 and max set version 290
21:53:57.396 [cluster-ClusterId{value='6888dfaf2486567e6d9234ea', description='Cluster0'}-ac-w1jkw58-shard-00-00.iu00ie1.mongodb.net:27017] INFO  org.mongodb.driver.cluster - Monitor thread successfully connected to server with description ServerDescription{address=ac-w1jkw58-shard-00-00.iu00ie1.mongodb.net:27017, type=REPLICA_SET_SECONDARY, state=CONNECTED, ok=true, minWireVersion=0, maxWireVersion=25, maxDocumentSize=16777216, logicalSessionTimeoutMinutes=30, roundTripTimeNanos=89652300, setName='atlas-kf69ke-shard-0', canonicalAddress=ac-w1jkw58-shard-00-00.iu00ie1.mongodb.net:27017, hosts=[ac-w1jkw58-shard-00-00.iu00ie1.mongodb.net:27017, ac-w1jkw58-shard-00-02.iu00ie1.mongodb.net:27017, ac-w1jkw58-shard-00-01.iu00ie1.mongodb.net:27017], passives=[], arbiters=[], primary='ac-w1jkw58-shard-00-02.iu00ie1.mongodb.net:27017', tagSet=TagSet{[Tag{name='availabilityZone', value='aps1-az1'}, Tag{name='diskState', value='READY'}, Tag{name='nodeType', value='ELECTABLE'}, Tag{name='provider', value='AWS'}, Tag{name='region', value='AP_SOUTH_1'}, Tag{name='workloadType', value='OPERATIONAL'}]}, electionId=null, setVersion=290, topologyVersion=TopologyVersion{processId=6880639f11cd3b4f00e634f2, counter=5}, lastWriteDate=Tue Jul 29 21:53:57 IST 2025, lastUpdateTimeNanos=109027438577900}
